Added Pin To Net: NetName=PA_4 Pin=TFT_LCD-1
Added Pin To Net: NetName=PA_5 Pin=TFT_LCD-2
Added Pin To Net: NetName=PE_3 Pin=TFT_LCD-3
Added Pin To Net: NetName=PA_6 Pin=TFT_LCD-5
Added Pin To Net: NetName=PA_7 Pin=TFT_LCD-6
Added Pin To Net: NetName=GND_1 Pin=TFT_LCD-7
Added Pin To Net: NetName=3V3_1 Pin=TFT_LCD-9
Added Pin To Net: NetName=GND_1 Pin=TFT_LCD-10
Added Pin To Net: NetName=PE_5 Pin=TFT_LCD-11
Added Pin To Net: NetName=3V3_1 Pin=TFT_LCD-12
Added Pin To Net: NetName=PD_10 Pin=TFT_LCD-13
Added Pin To Net: NetName=PE_4 Pin=TFT_LCD-14
Added Pin To Net: NetName=PD_8 Pin=TFT_LCD-15
Added Pin To Net: NetName=PD_9 Pin=TFT_LCD-16
Added Pin To Net: NetName=PE_14 Pin=TFT_LCD-17
Added Pin To Net: NetName=PE_15 Pin=TFT_LCD-18
Added Pin To Net: NetName=PE_12 Pin=TFT_LCD-19
Added Pin To Net: NetName=PE_13 Pin=TFT_LCD-20
Added Pin To Net: NetName=PE_10 Pin=TFT_LCD-21
Added Pin To Net: NetName=PE_11 Pin=TFT_LCD-22
Added Pin To Net: NetName=PE_8 Pin=TFT_LCD-23
Added Pin To Net: NetName=PE_9 Pin=TFT_LCD-24
Added Pin To Net: NetName=PD_1 Pin=TFT_LCD-25
Added Pin To Net: NetName=PE_7 Pin=TFT_LCD-26
Added Pin To Net: NetName=PD_15 Pin=TFT_LCD-27
Added Pin To Net: NetName=PD_0 Pin=TFT_LCD-28
Added Pin To Net: NetName=PD_14 Pin=TFT_LCD-30
Added Pin To Net: NetName=PD_5 Pin=TFT_LCD-31
Added Pin To Net: NetName=PD_4 Pin=TFT_LCD-32
Added Pin To Net: NetName=PD_7 Pin=TFT_LCD-33
Added Pin To Net: NetName=PD_11 Pin=TFT_LCD-34
