Removed Pin From Net: NetName=NetK1_1 Pin=U2-2
Removed Pin From Net: NetName=OSC_8M_IN Pin=U2-12
Removed Pin From Net: NetName=OSC_8M_OUT Pin=U2-13
Removed Pin From Net: NetName=NetK1_3 Pin=U2-38
Removed Pin From Net: NetName=SD_D0 Pin=U2-65
Removed Pin From Net: NetName=SD_D1 Pin=U2-66
Removed Pin From Net: NetName=SWD_DIO Pin=U2-72
Removed Pin From Net: NetName=SWD_CLK Pin=U2-76
Removed Pin From Net: NetName=SD_D2 Pin=U2-78
Removed Pin From Net: NetName=SD_D3 Pin=U2-79
Removed Pin From Net: NetName=SD_CLK Pin=U2-80
Removed Pin From Net: NetName=SD_CMD Pin=U2-83
Added Component: Designator=U2(LQFP-100_M)
Added Component: Designator=U?(LQFP-100_M)
Added Pin To Net: NetName=NetK1_1 Pin=U2-2
Added Pin To Net: NetName=NetK1_3 Pin=U2-38
Added Pin To Net: NetName=SD_D0 Pin=U2-65
Added Pin To Net: NetName=SD_D1 Pin=U2-66
Added Pin To Net: NetName=SD_D2 Pin=U2-78
Added Pin To Net: NetName=SD_D3 Pin=U2-79
Added Pin To Net: NetName=SD_CLK Pin=U2-80
Added Pin To Net: NetName=SD_CMD Pin=U2-83
Added Pin To Net: NetName=OSC_8M_IN Pin=U?-12
Added Pin To Net: NetName=OSC_8M_OUT Pin=U?-13
Added Pin To Net: NetName=SWD_DIO Pin=U?-72
Added Pin To Net: NetName=SWD_CLK Pin=U?-76
Added Member To Class: ClassName=Sheet1 Member=Component U? STM32F407V
Added Room: Name=Sheet1
