Added Component: Designator=J1(Pin HDR1X4/2.54mm-S)
Add component. Clean all parameters for all variants
Added Pin To Net: NetName=3V3 Pin=J1-1
Added Pin To Net: NetName=GND Pin=J1-4
Added Pin To Net: NetName=SD_CLK Pin=SD1-5
Added Pin To Net: NetName=SD_CLK Pin=U2-80
Added Net: Name=SD_CLK
Added Pin To Net: NetName=SD_CMD Pin=SD1-3
Added Pin To Net: NetName=SD_CMD Pin=U2-83
Added Net: Name=SD_CMD
Added Pin To Net: NetName=SD_D0 Pin=SD1-7
Added Pin To Net: NetName=SD_D0 Pin=U2-65
Added Net: Name=SD_D0
Added Pin To Net: NetName=SD_D1 Pin=SD1-8
Added Pin To Net: NetName=SD_D1 Pin=U2-66
Added Net: Name=SD_D1
Added Pin To Net: NetName=SD_D2 Pin=SD1-1
Added Pin To Net: NetName=SD_D2 Pin=U2-78
Added Net: Name=SD_D2
Added Pin To Net: NetName=SD_D3 Pin=SD1-2
Added Pin To Net: NetName=SD_D3 Pin=U2-79
Added Net: Name=SD_D3
Added Pin To Net: NetName=SWD_CLK Pin=J1-3
Added Pin To Net: NetName=SWD_CLK Pin=U2-76
Added Net: Name=SWD_CLK
Added Pin To Net: NetName=SWD_DIO Pin=J1-2
Added Pin To Net: NetName=SWD_DIO Pin=U2-72
Added Net: Name=SWD_DIO
Added Pin To Net: NetName=插入识别 Pin=SD1-9
Added Net: Name=插入识别
Added Member To Class: ClassName=Sheet1 Member=Component J1 SWD
Added Room: Name=Sheet1
