Removed Member From Class: ClassName=Sheet1 Member=L1
Removed Member From Class: ClassName=Sheet1 Member=LCD1
Removed Member From Class: ClassName=Sheet1 Member=M1
Added Component: Designator=1(0201C)
Add component. Clean all parameters for all variants
Added Component: Designator=2(0201C)
Add component. Clean all parameters for all variants
Added Component: Designator=3(0201C)
Add component. Clean all parameters for all variants
Added Component: Designator=4(0201C)
Add component. Clean all parameters for all variants
Added Component: Designator=U1(SOT223)
Add component. Clean all parameters for all variants
Added Component: Designator=USB1(USB-MICRO_A)
Add component. Clean all parameters for all variants
Added Pin To Net: NetName=3V3 Pin=3-2
Added Pin To Net: NetName=3V3 Pin=4-2
Added Pin To Net: NetName=3V3 Pin=U1-2
Added Pin To Net: NetName=3V3 Pin=U1-2
Added Net: Name=3V3
Added Pin To Net: NetName=5V Pin=1-2
Added Pin To Net: NetName=5V Pin=2-2
Added Pin To Net: NetName=5V Pin=U1-3
Added Pin To Net: NetName=5V Pin=USB1-1
Added Net: Name=5V
Added Pin To Net: NetName=GND Pin=1-1
Added Pin To Net: NetName=GND Pin=2-1
Added Pin To Net: NetName=GND Pin=3-1
Added Pin To Net: NetName=GND Pin=4-1
Added Pin To Net: NetName=GND Pin=U1-1
Added Pin To Net: NetName=GND Pin=USB1-5
Added Pin To Net: NetName=GND Pin=USB1-5
Added Pin To Net: NetName=GND Pin=USB1-5
Added Net: Name=GND
Added Pin To Net: NetName=上拉下拉 Pin=USB1-2
Added Pin To Net: NetName=上拉下拉 Pin=USB1-3
Added Net: Name=上拉下拉
Added Member To Class: ClassName=Sheet1 Member=Component 1 CAP
Added Member To Class: ClassName=Sheet1 Member=Component 2 CAP
Added Member To Class: ClassName=Sheet1 Member=Component 3 CAP
Added Member To Class: ClassName=Sheet1 Member=Component 4 CAP
Added Member To Class: ClassName=Sheet1 Member=Component U1 AMS1117_3v3
Added Member To Class: ClassName=Sheet1 Member=Component USB1 Micro-USB
Added Room: Name=Sheet1
