Added Component: Designator=K1(DIP-6X6X10)
Add component. Clean all parameters for all variants
Added Component: Designator=U2(LQFP-100_M)
Add component. Clean all parameters for all variants
Added Component: Designator=Y1(X-HC49U)
Add component. Clean all parameters for all variants
Add component (AddParameter): Name = "LatestRevisionDate"; Value = "17-Jul-2002"; VariantName = "[No Variations]"
Add component (AddParameter): Name = "LatestRevisionNote"; Value = "Re-released for DXP Platform."; VariantName = "[No Variations]"
Add component (AddParameter): Name = "PackageReference"; Value = "R38"; VariantName = "[No Variations]"
Add component (AddParameter): Name = "Published"; Value = "8-Jun-2000"; VariantName = "[No Variations]"
Add component (AddParameter): Name = "Publisher"; Value = "Altium Limited"; VariantName = "[No Variations]"
Add component (AddParameter): Name = "Value"; Value = "8M"; VariantName = "[No Variations]"
Added Pin To Net: NetName=NetK1_1 Pin=K1-1
Added Pin To Net: NetName=NetK1_1 Pin=U2-2
Added Net: Name=NetK1_1
Added Pin To Net: NetName=NetK1_3 Pin=K1-3
Added Pin To Net: NetName=NetK1_3 Pin=U2-38
Added Net: Name=NetK1_3
Added Pin To Net: NetName=OSC_8M_IN Pin=U2-12
Added Pin To Net: NetName=OSC_8M_IN Pin=Y1-1
Added Net: Name=OSC_8M_IN
Added Pin To Net: NetName=OSC_8M_OUT Pin=U2-13
Added Pin To Net: NetName=OSC_8M_OUT Pin=Y1-2
Added Net: Name=OSC_8M_OUT
Added Member To Class: ClassName=Sheet1 Member=Component K1 KEY
Added Member To Class: ClassName=Sheet1 Member=Component SD1 MicroSD
Added Member To Class: ClassName=Sheet1 Member=Component U2 STM32F407V
Added Member To Class: ClassName=Sheet1 Member=Component Y1 XTAL
